
> fiesta25@1.0.0 start
> node server.js

[dotenv@17.2.1] injecting env (15) from config/config.env -- tip: 📡 observe env with Radar: https://dotenvx.com/radar
🚀 Registration routes loaded!
📝 Registration routes configured: /direct, /my-registrations, /:registrationId
Server listening to the port 8080 in development
Mongo DB is connected to the host: jk-shard-00-00.ueq7l.mongodb.net
1 admin(s) found in the database.
[getUserNotifications] Called for user: new ObjectId('68c28ac47358aed62a3547ca')
[getUserNotifications] Found 0 invites for user: new ObjectId('68c28ac47358aed62a3547ca')
[getUserNotifications] Called for user: new ObjectId('68c28ac47358aed62a3547ca')
[getUserNotifications] Found 0 invites for user: new ObjectId('68c28ac47358aed62a3547ca')
Loading user with ID: new ObjectId('68c28ac47358aed62a3547ca')
User from token: kumar@gmail.com
Found user: kumar@gmail.com Kumar
Loading user with ID: new ObjectId('68c28ac47358aed62a3547ca')
User from token: kumar@gmail.com
Found user: kumar@gmail.com Kumar
[getUserNotifications] Called for user: new ObjectId('68c28ac47358aed62a3547ca')
[getUserNotifications] Called for user: new ObjectId('68c28ac47358aed62a3547ca')
[getUserNotifications] Found 0 invites for user: new ObjectId('68c28ac47358aed62a3547ca')
[getUserNotifications] Found 0 invites for user: new ObjectId('68c28ac47358aed62a3547ca')
[getUserNotifications] Called for user: new ObjectId('68c28ac47358aed62a3547ca')
[getUserNotifications] Found 0 invites for user: new ObjectId('68c28ac47358aed62a3547ca')
[getUserNotifications] Called for user: new ObjectId('68c28ac47358aed62a3547ca')
[getUserNotifications] Found 0 invites for user: new ObjectId('68c28ac47358aed62a3547ca')
[getUserNotifications] Called for user: new ObjectId('68c28ac47358aed62a3547ca')
[getUserNotifications] Found 0 invites for user: new ObjectId('68c28ac47358aed62a3547ca')
[getUserNotifications] Called for user: new ObjectId('68c28ac47358aed62a3547ca')
[getUserNotifications] Found 0 invites for user: new ObjectId('68c28ac47358aed62a3547ca')
[getUserNotifications] Called for user: new ObjectId('68c28ac47358aed62a3547ca')
[getUserNotifications] Found 0 invites for user: new ObjectId('68c28ac47358aed62a3547ca')
[getUserNotifications] Called for user: new ObjectId('68c28ac47358aed62a3547ca')
[getUserNotifications] Found 0 invites for user: new ObjectId('68c28ac47358aed62a3547ca')
[getUserNotifications] Called for user: new ObjectId('68c28ac47358aed62a3547ca')
[getUserNotifications] Found 0 invites for user: new ObjectId('68c28ac47358aed62a3547ca')
[getUserNotifications] Called for user: new ObjectId('68c28ac47358aed62a3547ca')
[getUserNotifications] Found 0 invites for user: new ObjectId('68c28ac47358aed62a3547ca')
[getUserNotifications] Called for user: new ObjectId('68c28ac47358aed62a3547ca')
[getUserNotifications] Found 0 invites for user: new ObjectId('68c28ac47358aed62a3547ca')
[getUserNotifications] Called for user: new ObjectId('68c28ac47358aed62a3547ca')
[getUserNotifications] Found 0 invites for user: new ObjectId('68c28ac47358aed62a3547ca')
[getUserNotifications] Called for user: new ObjectId('68c28ac47358aed62a3547ca')
[getUserNotifications] Found 0 invites for user: new ObjectId('68c28ac47358aed62a3547ca')
[getUserNotifications] Called for user: new ObjectId('68c28ac47358aed62a3547ca')
[getUserNotifications] Found 0 invites for user: new ObjectId('68c28ac47358aed62a3547ca')
[getUserNotifications] Called for user: new ObjectId('68c28ac47358aed62a3547ca')
[getUserNotifications] Found 0 invites for user: new ObjectId('68c28ac47358aed62a3547ca')
Loading user with ID: new ObjectId('68c28ac47358aed62a3547ca')
User from token: kumar@gmail.com
Found user: kumar@gmail.com Kumar
Loading user with ID: new ObjectId('68c28ac47358aed62a3547ca')
User from token: kumar@gmail.com
Found user: kumar@gmail.com Kumar
[getUserNotifications] Called for user: new ObjectId('68c28ac47358aed62a3547ca')
[getUserNotifications] Found 0 invites for user: new ObjectId('68c28ac47358aed62a3547ca')
[getUserNotifications] Called for user: new ObjectId('68c28ac47358aed62a3547ca')
[getUserNotifications] Found 0 invites for user: new ObjectId('68c28ac47358aed62a3547ca')
[getUserNotifications] Called for user: new ObjectId('68c28ac47358aed62a3547ca')
[getUserNotifications] Found 0 invites for user: new ObjectId('68c28ac47358aed62a3547ca')
[getUserNotifications] Called for user: new ObjectId('68c28ac47358aed62a3547ca')
[getUserNotifications] Found 0 invites for user: new ObjectId('68c28ac47358aed62a3547ca')
[getUserNotifications] Called for user: new ObjectId('68c28ac47358aed62a3547ca')
[getUserNotifications] Found 0 invites for user: new ObjectId('68c28ac47358aed62a3547ca')
[getUserNotifications] Called for user: new ObjectId('68c28ac47358aed62a3547ca')
[getUserNotifications] Found 0 invites for user: new ObjectId('68c28ac47358aed62a3547ca')
[getUserNotifications] Called for user: new ObjectId('68c28ac47358aed62a3547ca')
[getUserNotifications] Found 0 invites for user: new ObjectId('68c28ac47358aed62a3547ca')
[getUserNotifications] Called for user: new ObjectId('68c28ac47358aed62a3547ca')
[getUserNotifications] Found 0 invites for user: new ObjectId('68c28ac47358aed62a3547ca')
[getUserNotifications] Called for user: new ObjectId('68c28ac47358aed62a3547ca')
[getUserNotifications] Found 0 invites for user: new ObjectId('68c28ac47358aed62a3547ca')
[getUserNotifications] Called for user: new ObjectId('68c28ac47358aed62a3547ca')
[getUserNotifications] Found 0 invites for user: new ObjectId('68c28ac47358aed62a3547ca')
[getUserNotifications] Called for user: new ObjectId('68c28ac47358aed62a3547ca')
[getUserNotifications] Found 0 invites for user: new ObjectId('68c28ac47358aed62a3547ca')
[getUserNotifications] Called for user: new ObjectId('68c28ac47358aed62a3547ca')
[getUserNotifications] Found 0 invites for user: new ObjectId('68c28ac47358aed62a3547ca')
[getUserNotifications] Called for user: new ObjectId('68c28ac47358aed62a3547ca')
[getUserNotifications] Found 0 invites for user: new ObjectId('68c28ac47358aed62a3547ca')
[getUserNotifications] Called for user: new ObjectId('68c28ac47358aed62a3547ca')
[getUserNotifications] Found 0 invites for user: new ObjectId('68c28ac47358aed62a3547ca')
[getUserNotifications] Called for user: new ObjectId('68c28ac47358aed62a3547ca')
[getUserNotifications] Found 0 invites for user: new ObjectId('68c28ac47358aed62a3547ca')
[getUserNotifications] Called for user: new ObjectId('68c28ac47358aed62a3547ca')
[getUserNotifications] Found 0 invites for user: new ObjectId('68c28ac47358aed62a3547ca')
[getUserNotifications] Called for user: new ObjectId('68c28ac47358aed62a3547ca')
[getUserNotifications] Found 0 invites for user: new ObjectId('68c28ac47358aed62a3547ca')
[getUserNotifications] Called for user: new ObjectId('68c28ac47358aed62a3547ca')
[getUserNotifications] Found 0 invites for user: new ObjectId('68c28ac47358aed62a3547ca')
[getUserNotifications] Called for user: new ObjectId('68c28ac47358aed62a3547ca')
[getUserNotifications] Found 0 invites for user: new ObjectId('68c28ac47358aed62a3547ca')
[getUserNotifications] Called for user: new ObjectId('68c28ac47358aed62a3547ca')
[getUserNotifications] Found 0 invites for user: new ObjectId('68c28ac47358aed62a3547ca')
[getUserNotifications] Called for user: new ObjectId('68c28ac47358aed62a3547ca')
[getUserNotifications] Found 0 invites for user: new ObjectId('68c28ac47358aed62a3547ca')
[getUserNotifications] Called for user: new ObjectId('68c28ac47358aed62a3547ca')
[getUserNotifications] Found 0 invites for user: new ObjectId('68c28ac47358aed62a3547ca')
[getUserNotifications] Called for user: new ObjectId('68c28ac47358aed62a3547ca')
[getUserNotifications] Found 0 invites for user: new ObjectId('68c28ac47358aed62a3547ca')
[getUserNotifications] Called for user: new ObjectId('68c28ac47358aed62a3547ca')
[getUserNotifications] Found 0 invites for user: new ObjectId('68c28ac47358aed62a3547ca')
[getUserNotifications] Called for user: new ObjectId('68c28ac47358aed62a3547ca')
[getUserNotifications] Found 0 invites for user: new ObjectId('68c28ac47358aed62a3547ca')
[getUserNotifications] Called for user: new ObjectId('68c28ac47358aed62a3547ca')
[getUserNotifications] Found 0 invites for user: new ObjectId('68c28ac47358aed62a3547ca')
[getUserNotifications] Called for user: new ObjectId('68c28ac47358aed62a3547ca')
[getUserNotifications] Found 0 invites for user: new ObjectId('68c28ac47358aed62a3547ca')
[getUserNotifications] Called for user: new ObjectId('68c28ac47358aed62a3547ca')
[getUserNotifications] Found 0 invites for user: new ObjectId('68c28ac47358aed62a3547ca')
[getUserNotifications] Called for user: new ObjectId('68c28ac47358aed62a3547ca')
[getUserNotifications] Found 0 invites for user: new ObjectId('68c28ac47358aed62a3547ca')
[getUserNotifications] Called for user: new ObjectId('68c28ac47358aed62a3547ca')
[getUserNotifications] Found 0 invites for user: new ObjectId('68c28ac47358aed62a3547ca')
[getUserNotifications] Called for user: new ObjectId('68c28ac47358aed62a3547ca')
[getUserNotifications] Found 0 invites for user: new ObjectId('68c28ac47358aed62a3547ca')
[getUserNotifications] Called for user: new ObjectId('68c28ac47358aed62a3547ca')
[getUserNotifications] Found 0 invites for user: new ObjectId('68c28ac47358aed62a3547ca')
[getUserNotifications] Called for user: new ObjectId('68c28ac47358aed62a3547ca')
[getUserNotifications] Found 0 invites for user: new ObjectId('68c28ac47358aed62a3547ca')
[getUserNotifications] Called for user: new ObjectId('68c28ac47358aed62a3547ca')
[getUserNotifications] Found 0 invites for user: new ObjectId('68c28ac47358aed62a3547ca')
[getUserNotifications] Called for user: new ObjectId('68c28ac47358aed62a3547ca')
[getUserNotifications] Found 0 invites for user: new ObjectId('68c28ac47358aed62a3547ca')
[getUserNotifications] Called for user: new ObjectId('68c28ac47358aed62a3547ca')
[getUserNotifications] Found 0 invites for user: new ObjectId('68c28ac47358aed62a3547ca')
[getUserNotifications] Called for user: new ObjectId('68c28ac47358aed62a3547ca')
[getUserNotifications] Found 0 invites for user: new ObjectId('68c28ac47358aed62a3547ca')
[getUserNotifications] Called for user: new ObjectId('68c28ac47358aed62a3547ca')
[getUserNotifications] Found 0 invites for user: new ObjectId('68c28ac47358aed62a3547ca')
[getUserNotifications] Called for user: new ObjectId('68c28ac47358aed62a3547ca')
[getUserNotifications] Found 0 invites for user: new ObjectId('68c28ac47358aed62a3547ca')
[getUserNotifications] Called for user: new ObjectId('68c28ac47358aed62a3547ca')
[getUserNotifications] Found 0 invites for user: new ObjectId('68c28ac47358aed62a3547ca')
[getUserNotifications] Called for user: new ObjectId('68c28ac47358aed62a3547ca')
[getUserNotifications] Found 0 invites for user: new ObjectId('68c28ac47358aed62a3547ca')
[getUserNotifications] Called for user: new ObjectId('68c28ac47358aed62a3547ca')
[getUserNotifications] Found 0 invites for user: new ObjectId('68c28ac47358aed62a3547ca')
[getUserNotifications] Called for user: new ObjectId('68c28ac47358aed62a3547ca')
[getUserNotifications] Found 0 invites for user: new ObjectId('68c28ac47358aed62a3547ca')
[getUserNotifications] Called for user: new ObjectId('68c28ac47358aed62a3547ca')
[getUserNotifications] Found 0 invites for user: new ObjectId('68c28ac47358aed62a3547ca')
[getUserNotifications] Called for user: new ObjectId('68c28ac47358aed62a3547ca')
[getUserNotifications] Found 0 invites for user: new ObjectId('68c28ac47358aed62a3547ca')
[getUserNotifications] Called for user: new ObjectId('68c28ac47358aed62a3547ca')
[getUserNotifications] Found 0 invites for user: new ObjectId('68c28ac47358aed62a3547ca')
